<?xml version="1.0" encoding="UTF-8"?>
<!-- Generated by org.testng.reporters.JUnitReportReporter -->
<testsuite skipped="0" hostname="zahid" name="projectlibrary.SearchTask" tests="1" failures="0" timestamp="03 Dec 2018 10:38:28 GMT" time="39.273" errors="0">
  <testcase name="testsearch" time="39.273" classname="projectlibrary.SearchTask"/>
</testsuite> <!-- projectlibrary.SearchTask -->
