<?xml version="1.0" encoding="UTF-8"?>
<!-- Generated by org.testng.reporters.JUnitReportReporter -->
<testsuite skipped="0" hostname="zahid" name="baselibrary.BaseClass" tests="1" failures="0" timestamp="27 Nov 2018 13:00:25 GMT" time="17.849" errors="0">
  <testcase name="testopenbrowser" time="17.849" classname="baselibrary.BaseClass"/>
</testsuite> <!-- baselibrary.BaseClass -->
