<?xml version="1.0" encoding="UTF-8"?>
<!-- Generated by org.testng.reporters.JUnitReportReporter -->
<testsuite skipped="0" hostname="zahid" name="projectlibrary.Logocheck" tests="1" failures="0" timestamp="27 Nov 2018 14:29:47 GMT" time="29.679" errors="0">
  <testcase name="testlogochk" time="29.679" classname="projectlibrary.Logocheck"/>
</testsuite> <!-- projectlibrary.Logocheck -->
